[    0.000000] Linux version 4.15.0-197-generic (buildd@lcy02-amd64-110) (gcc version 7.5.0 (Ubuntu 7.5.0-3ubuntu1~18.04)) #208-Ubuntu SMP Tue Nov 1 17:23:37 UTC 2022 (Ubuntu 4.15.0-197.208-generic 4.15.18)
[    0.000000] Command line: BOOT_IMAGE=/boot/vmlinuz-4.15.0-197-generic root=LABEL=cloudimg-rootfs ro console=tty1 console=ttyS0
[    0.000000] KERNEL supported cpus:
[    0.000000]   Intel GenuineIntel
[    0.000000]   AMD AuthenticAMD
[    0.000000]   Centaur CentaurHauls
[    0.000000] [Firmware Bug]: TSC doesn't count with P0 frequency!
[    0.000000] x86/fpu: Supporting XSAVE feature 0x001: 'x87 floating point registers'
[    0.000000] x86/fpu: Supporting XSAVE feature 0x002: 'SSE registers'
[    0.000000] x86/fpu: Supporting XSAVE feature 0x004: 'AVX registers'
[    0.000000] x86/fpu: xstate_offset[2]:  576, xstate_sizes[2]:  256
[    0.000000] x86/fpu: Enabled xstate features 0x7, context size is 832 bytes, using 'standard' format.
[    0.000000] e820: BIOS-provided physical RAM map:
[    0.000000] BIOS-e820: [mem 0x0000000000000000-0x000000000009fbff] usable
[    0.000000] BIOS-e820: [mem 0x000000000009fc00-0x000000000009ffff] reserved
[    0.000000] BIOS-e820: [mem 0x00000000000f0000-0x00000000000fffff] reserved
[    0.000000] BIOS-e820: [mem 0x0000000000100000-0x000000003ffeffff] usable
[    0.000000] BIOS-e820: [mem 0x000000003fff0000-0x000000003fffffff] ACPI data
[    0.000000] BIOS-e820: [mem 0x00000000fec00000-0x00000000fec00fff] reserved
[    0.000000] BIOS-e820: [mem 0x00000000fee00000-0x00000000fee00fff] reserved
[    0.000000] BIOS-e820: [mem 0x00000000fffc0000-0x00000000ffffffff] reserved
[    0.000000] NX (Execute Disable) protection: active
[    0.000000] SMBIOS 2.5 present.
[    0.000000] DMI: innotek GmbH VirtualBox/VirtualBox, BIOS VirtualBox 12/01/2006
[    0.000000] Hypervisor detected: KVM
[    0.000000] e820: last_pfn = 0x3fff0 max_arch_pfn = 0x400000000
[    0.000000] MTRR: Disabled
[    0.000000] x86/PAT: MTRRs disabled, skipping PAT initialization too.
[    0.000000] CPU MTRRs all blank - virtualized system.
[    0.000000] x86/PAT: Configuration [0-7]: WB  WT  UC- UC  WB  WT  UC- UC  
[    0.000000] found SMP MP-table at [mem 0x0009fff0-0x0009ffff]
[    0.000000] Scanning 1 areas for low memory corruption
[    0.000000] RAMDISK: [mem 0x359c7000-0x36cdafff]
[    0.000000] ACPI: Early table checksum verification disabled
[    0.000000] ACPI: RSDP 0x00000000000E0000 000024 (v02 VBOX  )
[    0.000000] ACPI: XSDT 0x000000003FFF0030 00003C (v01 VBOX   VBOXXSDT 00000001 ASL  00000061)
[    0.000000] ACPI: FACP 0x000000003FFF00F0 0000F4 (v04 VBOX   VBOXFACP 00000001 ASL  00000061)
[    0.000000] ACPI: DSDT 0x000000003FFF0610 002353 (v02 VBOX   VBOXBIOS 00000002 INTL 20100528)
[    0.000000] ACPI: FACS 0x000000003FFF0200 000040
[    0.000000] ACPI: FACS 0x000000003FFF0200 000040
[    0.000000] ACPI: APIC 0x000000003FFF0240 00005C (v02 VBOX   VBOXAPIC 00000001 ASL  00000061)
[    0.000000] ACPI: SSDT 0x000000003FFF02A0 00036C (v01 VBOX   VBOXCPUT 00000002 INTL 20100528)
[    0.000000] ACPI: Reserving FACP table memory at [mem 0x3fff00f0-0x3fff01e3]
[    0.000000] ACPI: Reserving DSDT table memory at [mem 0x3fff0610-0x3fff2962]
[    0.000000] ACPI: Reserving FACS table memory at [mem 0x3fff0200-0x3fff023f]
[    0.000000] ACPI: Reserving FACS table memory at [mem 0x3fff0200-0x3fff023f]
[    0.000000] ACPI: Reserving APIC table memory at [mem 0x3fff0240-0x3fff029b]
[    0.000000] ACPI: Reserving SSDT table memory at [mem 0x3fff02a0-0x3fff060b]
[    0.000000] No NUMA configuration found
[    0.000000] Faking a node at [mem 0x0000000000000000-0x000000003ffeffff]
[    0.000000] NODE_DATA(0) allocated [mem 0x3ffc5000-0x3ffeffff]
[    0.000000] kvm-clock: cpu 0, msr 0:3ff44001, primary cpu clock
[    0.000000] kvm-clock: Using msrs 4b564d01 and 4b564d00
[    0.000000] kvm-clock: using sched offset of 3786347919 cycles
[    0.000000] clocksource: kvm-clock: mask: 0xffffffffffffffff max_cycles: 0x1cd42e4dffb, max_idle_ns: 881590591483 ns
[    0.000000] Zone ranges:
[    0.000000]   DMA      [mem 0x0000000000001000-0x0000000000ffffff]
[    0.000000]   DMA32    [mem 0x0000000001000000-0x000000003ffeffff]
[    0.000000]   Normal   empty
[    0.000000]   Device   empty
[    0.000000] Movable zone start for each node
[    0.000000] Early memory node ranges
[    0.000000]   node   0: [mem 0x0000000000001000-0x000000000009efff]
[    0.000000]   node   0: [mem 0x0000000000100000-0x000000003ffeffff]
[    0.000000] Reserved but unavailable: 104 pages
[    0.000000] Initmem setup node 0 [mem 0x0000000000001000-0x000000003ffeffff]
[    0.000000] ACPI: PM-Timer IO Port: 0x4008
[    0.000000] IOAPIC[0]: apic_id 2, version 32, address 0xfec00000, GSI 0-23
[    0.000000] ACPI: INT_SRC_OVR (bus 0 bus_irq 0 global_irq 2 dfl dfl)
[    0.000000] ACPI: INT_SRC_OVR (bus 0 bus_irq 9 global_irq 9 low level)
[    0.000000] Using ACPI (MADT) for SMP configuration information
[    0.000000] smpboot: Allowing 2 CPUs, 0 hotplug CPUs
[    0.000000] PM: Registered nosave memory: [mem 0x00000000-0x00000fff]
[    0.000000] PM: Registered nosave memory: [mem 0x0009f000-0x0009ffff]
[    0.000000] PM: Registered nosave memory: [mem 0x000a0000-0x000effff]
[    0.000000] PM: Registered nosave memory: [mem 0x000f0000-0x000fffff]
[    0.000000] e820: [mem 0x40000000-0xfebfffff] available for PCI devices
[    0.000000] Booting paravirtualized kernel on KVM
[    0.000000] clocksource: refined-jiffies: mask: 0xffffffff max_cycles: 0xffffffff, max_idle_ns: 7645519600211568 ns
[    0.000000] setup_percpu: NR_CPUS:8192 nr_cpumask_bits:2 nr_cpu_ids:2 nr_node_ids:1
[    0.000000] percpu: Embedded 50 pages/cpu s167936 r8192 d28672 u1048576
[    0.000000] PV qspinlock hash table entries: 256 (order: 0, 4096 bytes)
[    0.000000] Built 1 zonelists, mobility grouping on.  Total pages: 257913
[    0.000000] Policy zone: DMA32
[    0.000000] Kernel command line: BOOT_IMAGE=/boot/vmlinuz-4.15.0-197-generic root=LABEL=cloudimg-rootfs ro console=tty1 console=ttyS0
[    0.000000] Memory: 982644K/1048120K available (12300K kernel code, 2477K rwdata, 4320K rodata, 2472K init, 2720K bss, 65476K reserved, 0K cma-reserved)
[    0.000000] SLUB: HWalign=64, Order=0-3, MinObjects=0, CPUs=2, Nodes=1
[    0.000000] ftrace: allocating 39478 entries in 155 pages
[    0.004000] Hierarchical RCU implementation.
[    0.004000] 	RCU restricting CPUs from NR_CPUS=8192 to nr_cpu_ids=2.
[    0.004000] 	Tasks RCU enabled.
[    0.004000] RCU: Adjusting geometry for rcu_fanout_leaf=16, nr_cpu_ids=2
[    0.004000] NR_IRQS: 524544, nr_irqs: 440, preallocated irqs: 16
[    0.004000] random: crng init done
[    0.004000] Console: colour VGA+ 80x25
[    0.004000] console [tty1] enabled
[    0.004000] console [ttyS0] enabled
[    0.004000] ACPI: Core revision 20170831
[    0.004000] ACPI: 2 ACPI AML tables successfully acquired and loaded
[    0.004000] APIC: Switch to symmetric I/O mode setup
[    0.004000] x2apic enabled
[    0.004000] Switched APIC routing to physical x2apic.
[    0.004000] ..TIMER: vector=0x30 apic1=0 pin1=2 apic2=-1 pin2=-1
[    0.004000] tsc: Detected 2595.126 MHz processor
[    0.004000] Calibrating delay loop (skipped) preset value.. 5190.25 BogoMIPS (lpj=10380504)
[    0.004000] pid_max: default: 32768 minimum: 301
[    0.004000] Security Framework initialized
[    0.004000] Yama: becoming mindful.
[    0.004000] AppArmor: AppArmor initialized
[    0.004000] Dentry cache hash table entries: 131072 (order: 8, 1048576 bytes)
[    0.004169] Inode-cache hash table entries: 65536 (order: 7, 524288 bytes)
[    0.008049] Mount-cache hash table entries: 2048 (order: 2, 16384 bytes)
[    0.012022] Mountpoint-cache hash table entries: 2048 (order: 2, 16384 bytes)
[    0.014941] Last level iTLB entries: 4KB 1024, 2MB 1024, 4MB 512
[    0.016009] Last level dTLB entries: 4KB 1536, 2MB 1536, 4MB 768, 1GB 0
[    0.020019] Spectre V1 : Mitigation: usercopy/swapgs barriers and __user pointer sanitization
[    0.024017] Spectre V2 : Mitigation: Retpolines
[    0.028016] Spectre V2 : Spectre v2 / SpectreRSB mitigation: Filling RSB on context switch
[    0.032329] Freeing SMP alternatives memory: 36K
[    0.162523] APIC calibration not consistent with PM-Timer: 103ms instead of 100ms
[    0.164000] APIC delta adjusted to PM-Timer: 6391930 (6590570)
[    0.164263] smpboot: CPU0: AMD Ryzen 3 3250U with Radeon Graphics (family: 0x17, model: 0x18, stepping: 0x1)
[    0.167558] Performance Events: PMU not available due to virtualization, using software events only.
[    0.172205] Hierarchical SRCU implementation.
[    0.176054] NMI watchdog: Perf event create on CPU 0 failed with -2
[    0.180019] NMI watchdog: Perf NMI watchdog permanently disabled
[    0.184216] smp: Bringing up secondary CPUs ...
[    0.185634] x86: Booting SMP configuration:
[    0.187255] .... node  #0, CPUs:      #1
[    0.004000] kvm-clock: cpu 1, msr 0:3ff44041, secondary cpu clock
[    0.206187] smp: Brought up 1 node, 2 CPUs
[    0.208032] smpboot: Max logical packages: 1
[    0.212025] smpboot: Total of 2 processors activated (10380.50 BogoMIPS)
[    0.216621] devtmpfs: initialized
[    0.220213] x86/mm: Memory block size: 128MB
[    0.228315] evm: security.selinux
[    0.229575] evm: security.SMACK64
[    0.232023] evm: security.SMACK64EXEC
[    0.233426] evm: security.SMACK64TRANSMUTE
[    0.236023] evm: security.SMACK64MMAP
[    0.237348] evm: security.apparmor
[    0.238302] evm: security.ima
[    0.244013] evm: security.capability
[    0.248272] clocksource: jiffies: mask: 0xffffffff max_cycles: 0xffffffff, max_idle_ns: 7645041785100000 ns
[    0.252041] futex hash table entries: 512 (order: 3, 32768 bytes)
[    0.254521] pinctrl core: initialized pinctrl subsystem
[    0.256055] RTC time:  3:53:18, date: 11/23/22
[    0.258112] NET: Registered protocol family 16
[    0.260206] audit: initializing netlink subsys (disabled)
[    0.264094] audit: type=2000 audit(1669175603.709:1): state=initialized audit_enabled=0 res=1
[    0.268128] cpuidle: using governor ladder
[    0.269212] cpuidle: using governor menu
[    0.272138] ACPI: bus type PCI registered
[    0.273401] acpiphp: ACPI Hot Plug PCI Controller Driver version: 0.5
[    0.276227] PCI: Using configuration type 1 for base access
[    0.277740] PCI: Using configuration type 1 for extended access
[    0.282035] HugeTLB registered 2.00 MiB page size, pre-allocated 0 pages
[    0.284154] ACPI: Added _OSI(Module Device)
[    0.284154] ACPI: Added _OSI(Processor Device)
[    0.285158] ACPI: Added _OSI(3.0 _SCP Extensions)
[    0.286479] ACPI: Added _OSI(Processor Aggregator Device)
[    0.292039] ACPI: Added _OSI(Linux-Dell-Video)
[    0.293497] ACPI: Added _OSI(Linux-Lenovo-NV-HDMI-Audio)
[    0.293497] ACPI: Added _OSI(Linux-HPI-Hybrid-Graphics)
[    0.294407] ACPI: Executed 1 blocks of module-level executable AML code
[    0.304194] ACPI: Interpreter enabled
[    0.305457] ACPI: (supports S0 S5)
[    0.306371] ACPI: Using IOAPIC for interrupt routing
[    0.308115] PCI: Using host bridge windows from ACPI; if necessary, use "pci=nocrs" and report a bug
[    0.311398] ACPI: Enabled 2 GPEs in block 00 to 07
[    0.325893] ACPI: PCI Root Bridge [PCI0] (domain 0000 [bus 00-ff])
[    0.327750] acpi PNP0A03:00: _OSC: OS supports [ExtendedConfig ASPM ClockPM Segments MSI]
[    0.332042] acpi PNP0A03:00: _OSC: platform does not support [PCIeCapability]
[    0.335950] acpi PNP0A03:00: _OSC: not requesting control; platform does not support [PCIeCapability]
[    0.340020] acpi PNP0A03:00: _OSC: OS requested [PCIeHotplug PME AER PCIeCapability]
[    0.344023] acpi PNP0A03:00: _OSC: platform willing to grant [PCIeHotplug PME AER]
[    0.346209] acpi PNP0A03:00: _OSC failed (AE_SUPPORT); disabling ASPM
[    0.348879] PCI host bridge to bus 0000:00
[    0.352022] pci_bus 0000:00: root bus resource [io  0x0000-0x0cf7 window]
[    0.353843] pci_bus 0000:00: root bus resource [io  0x0d00-0xffff window]
[    0.353843] pci_bus 0000:00: root bus resource [mem 0x000a0000-0x000bffff window]
[    0.354216] pci_bus 0000:00: root bus resource [mem 0x40000000-0xfdffffff window]
[    0.356025] pci_bus 0000:00: root bus resource [bus 00-ff]
[    0.362000] pci 0000:00:01.1: legacy IDE quirk: reg 0x10: [io  0x01f0-0x01f7]
[    0.364027] pci 0000:00:01.1: legacy IDE quirk: reg 0x14: [io  0x03f6]
[    0.365697] pci 0000:00:01.1: legacy IDE quirk: reg 0x18: [io  0x0170-0x0177]
[    0.368021] pci 0000:00:01.1: legacy IDE quirk: reg 0x1c: [io  0x0376]
[    0.413851] pci 0000:00:07.0: quirk: [io  0x4000-0x403f] claimed by PIIX4 ACPI
[    0.420055] pci 0000:00:07.0: quirk: [io  0x4100-0x410f] claimed by PIIX4 SMB
[    0.436517] ACPI: PCI Interrupt Link [LNKA] (IRQs 5 9 10 *11)
[    0.438840] ACPI: PCI Interrupt Link [LNKB] (IRQs 5 9 *10 11)
[    0.444249] ACPI: PCI Interrupt Link [LNKC] (IRQs 5 *9 10 11)
[    0.445952] ACPI: PCI Interrupt Link [LNKD] (IRQs 5 9 10 *11)
[    0.448752] SCSI subsystem initialized
[    0.449771] pci 0000:00:02.0: vgaarb: setting as boot VGA device
[    0.449771] pci 0000:00:02.0: vgaarb: VGA device added: decodes=io+mem,owns=io+mem,locks=none
[    0.452320] pci 0000:00:02.0: vgaarb: bridge control possible
[    0.453964] vgaarb: loaded
[    0.454834] ACPI: bus type USB registered
[    0.456063] usbcore: registered new interface driver usbfs
[    0.457477] usbcore: registered new interface driver hub
[    0.458724] usbcore: registered new device driver usb
[    0.464125] EDAC MC: Ver: 3.0.0
[    0.465140] PCI: Using ACPI for IRQ routing
[    0.468304] NetLabel: Initializing
[    0.469189] NetLabel:  domain hash size = 128
[    0.470318] NetLabel:  protocols = UNLABELED CIPSOv4 CALIPSO
[    0.472322] NetLabel:  unlabeled traffic allowed by default
[    0.476183] clocksource: Switched to clocksource kvm-clock
[    0.504076] VFS: Disk quotas dquot_6.6.0
[    0.506139] VFS: Dquot-cache hash table entries: 512 (order 0, 4096 bytes)
[    0.508536] AppArmor: AppArmor Filesystem Enabled
[    0.509561] pnp: PnP ACPI init
[    0.511934] pnp: PnP ACPI: found 3 devices
[    0.523713] clocksource: acpi_pm: mask: 0xffffff max_cycles: 0xffffff, max_idle_ns: 2085701024 ns
[    0.526532] NET: Registered protocol family 2
[    0.529656] IP idents hash table entries: 16384 (order: 5, 131072 bytes)
[    0.531668] TCP established hash table entries: 8192 (order: 4, 65536 bytes)
[    0.533386] TCP bind hash table entries: 8192 (order: 5, 131072 bytes)
[    0.534901] TCP: Hash tables configured (established 8192 bind 8192)
[    0.536493] UDP hash table entries: 512 (order: 2, 16384 bytes)
[    0.537895] UDP-Lite hash table entries: 512 (order: 2, 16384 bytes)
[    0.540030] NET: Registered protocol family 1
[    0.541323] pci 0000:00:00.0: Limiting direct PCI/PCI transfers
[    0.542995] pci 0000:00:01.0: Activating ISA DMA hang workarounds
[    0.546365] pci 0000:00:02.0: Video device with shadowed ROM at [mem 0x000c0000-0x000dffff]
[    0.549208] Unpacking initramfs...
[    1.085390] Freeing initrd memory: 19536K
[    1.086985] clocksource: tsc: mask: 0xffffffffffffffff max_cycles: 0x25683fab3f3, max_idle_ns: 440795264242 ns
[    1.090030] platform rtc_cmos: registered platform RTC device (no PNP device found)
[    1.092863] Scanning for low memory corruption every 60 seconds
[    1.095713] Initialise system trusted keyrings
[    1.097564] Key type blacklist registered
[    1.099645] workingset: timestamp_bits=36 max_order=18 bucket_order=0
[    1.104275] zbud: loaded
[    1.106306] squashfs: version 4.0 (2009/01/31) Phillip Lougher
[    1.108337] fuse init (API version 7.26)
[    1.114341] Key type asymmetric registered
[    1.115346] Asymmetric key parser 'x509' registered
[    1.116481] Block layer SCSI generic (bsg) driver version 0.4 loaded (major 246)
[    1.118626] io scheduler noop registered
[    1.119699] io scheduler deadline registered
[    1.120865] io scheduler cfq registered (default)
[    1.122471] ACPI: AC Adapter [AC] (off-line)
[    1.124525] input: Power Button as /devices/LNXSYSTM:00/LNXPWRBN:00/input/input0
[    1.126788] ACPI: Power Button [PWRF]
[    1.127802] input: Sleep Button as /devices/LNXSYSTM:00/LNXSLPBN:00/input/input1
[    1.129486] ACPI: Sleep Button [SLPF]
[    1.131904] ACPI: Battery Slot [BAT0] (battery present)
[    1.134063] Serial: 8250/16550 driver, 32 ports, IRQ sharing enabled
[    1.156436] 00:02: ttyS0 at I/O 0x3f8 (irq = 4, base_baud = 115200) is a 16550A
[    1.164995] Linux agpgart interface v0.103
[    1.171616] loop: module loaded
[    1.176627] scsi host0: ata_piix
[    1.177931] scsi host1: ata_piix
[    1.179132] ata1: PATA max UDMA/33 cmd 0x1f0 ctl 0x3f6 bmdma 0xd000 irq 14
[    1.181457] ata2: PATA max UDMA/33 cmd 0x170 ctl 0x376 bmdma 0xd008 irq 15
[    1.183534] tun: Universal TUN/TAP device driver, 1.6
[    1.185026] PPP generic driver version 2.4.2
[    1.186710] ehci_hcd: USB 2.0 'Enhanced' Host Controller (EHCI) Driver
[    1.188255] ehci-pci: EHCI PCI platform driver
[    1.189859] ehci-platform: EHCI generic platform driver
[    1.191652] ohci_hcd: USB 1.1 'Open' Host Controller (OHCI) Driver
[    1.193649] ohci-pci: OHCI PCI platform driver
[    1.194877] ohci-platform: OHCI generic platform driver
[    1.196448] uhci_hcd: USB Universal Host Controller Interface driver
[    1.197960] i8042: PNP: PS/2 Controller [PNP0303:PS2K,PNP0f03:PS2M] at 0x60,0x64 irq 1,12
[    1.201395] serio: i8042 KBD port at 0x60,0x64 irq 1
[    1.202618] serio: i8042 AUX port at 0x60,0x64 irq 12
[    1.203977] mousedev: PS/2 mouse device common for all mice
[    1.206150] input: AT Translated Set 2 keyboard as /devices/platform/i8042/serio0/input/input2
[    1.208896] rtc_cmos rtc_cmos: rtc core: registered rtc_cmos as rtc0
[    1.210623] rtc_cmos rtc_cmos: alarms up to one day, 114 bytes nvram
[    1.211966] i2c /dev entries driver
[    1.213048] device-mapper: uevent: version 1.0.3
[    1.214591] device-mapper: ioctl: 4.37.0-ioctl (2017-09-20) initialised: dm-devel@redhat.com
[    1.216604] ledtrig-cpu: registered to indicate activity on CPUs
[    1.218665] NET: Registered protocol family 10
[    1.226890] Segment Routing with IPv6
[    1.228130] NET: Registered protocol family 17
[    1.229629] Key type dns_resolver registered
[    1.231090] mce: Using 0 MCE banks
[    1.231916] RAS: Correctable Errors collector initialized.
[    1.233154] sched_clock: Marking stable (1233108320, 0)->(1633847125, -400738805)
[    1.235883] registered taskstats version 1
[    1.236948] Loading compiled-in X.509 certificates
[    1.243843] Loaded X.509 cert 'Build time autogenerated kernel key: ffc9dd3886e7b6bb89620497cc57c4262b59bc54'
[    1.246832] Loaded X.509 cert 'Canonical Ltd. Live Patch Signing: 14df34d1a87cf37625abec039ef2bf521249b969'
[    1.251627] Loaded X.509 cert 'Canonical Ltd. Kernel Module Signing: 88f752e560a1e0737e31163a466ad7b70a850c19'
[    1.253939] blacklist: Loading compiled-in revocation X.509 certificates
[    1.255861] Loaded X.509 cert 'Canonical Ltd. Secure Boot Signing: 61482aa2830d0ab2ad5af10b7250da9033ddcef0'
[    1.258796] zswap: loaded using pool lzo/zbud
[    1.265093] Key type big_key registered
[    1.266066] Key type trusted registered
[    1.269599] Key type encrypted registered
[    1.270691] AppArmor: AppArmor sha1 policy hashing enabled
[    1.272889] ima: No TPM chip found, activating TPM-bypass! (rc=-19)
[    1.275984] ima: Allocated hash algorithm: sha1
[    1.278204] evm: HMAC attrs: 0x1
[    1.279736]   Magic number: 14:414:867
[    1.281215] rtc_cmos rtc_cmos: setting system clock to 2022-11-23 03:53:19 UTC (1669175599)
[    1.284729] BIOS EDD facility v0.16 2004-Jun-25, 0 devices found
[    1.286065] EDD information not available.
[    1.383982] Freeing unused kernel image memory: 2472K
[    1.833557] Write protecting the kernel read-only data: 20480k
[    1.836261] Freeing unused kernel image memory: 2008K
[    1.838247] Freeing unused kernel image memory: 1824K
[    1.857950] x86/mm: Checked W+X mappings: passed, no W+X pages found.
Loading, please wait...
starting version 237
[    2.010402] Fusion MPT base driver 3.04.20
[    2.010506] e1000: Intel(R) PRO/1000 Network Driver - version 7.3.21-k8-NAPI
[    2.011938] Copyright (c) 1999-2008 LSI Corporation
[    2.020512] e1000: Copyright (c) 1999-2006 Intel Corporation.
[    2.074695] Fusion MPT SPI Host driver 3.04.20
[    2.095840] AVX2 version of gcm_enc/dec engaged.
[    2.097353] AES CTR mode by8 optimization enabled
[    2.257901] input: ImExPS/2 Generic Explorer Mouse as /devices/platform/i8042/serio1/input/input4
[    2.482042] e1000 0000:00:03.0 eth0: (PCI:33MHz:32-bit) 02:a6:12:9f:2a:1a
[    2.484909] e1000 0000:00:03.0 eth0: Intel(R) PRO/1000 Network Connection
[    2.493267] mptbase: ioc0: Initiating bringup
[    2.494174] e1000 0000:00:03.0 enp0s3: renamed from eth0
[    2.609166] ioc0: LSI53C1030 A0: Capabilities={Initiator}
[    2.852764] scsi host2: ioc0: LSI53C1030 A0, FwRev=00000000h, Ports=1, MaxQ=256, IRQ=20
[    4.016784] scsi 2:0:0:0: Direct-Access     VBOX     HARDDISK         1.0  PQ: 0 ANSI: 5
[    4.056673] scsi target2:0:0: Beginning Domain Validation
[    4.060190] scsi target2:0:0: Domain Validation skipping write tests
[    4.061613] scsi target2:0:0: Ending Domain Validation
[    4.063040] scsi target2:0:0: asynchronous
[    4.064766] scsi 2:0:1:0: Direct-Access     VBOX     HARDDISK         1.0  PQ: 0 ANSI: 5
[    4.144179] scsi target2:0:1: Beginning Domain Validation
[    4.148325] scsi target2:0:1: Domain Validation skipping write tests
[    4.149940] scsi target2:0:1: Ending Domain Validation
[    4.151351] scsi target2:0:1: asynchronous
[    4.161413] sd 2:0:0:0: Attached scsi generic sg0 type 0
[    4.161488] sd 2:0:0:0: [sda] 83886080 512-byte logical blocks: (42.9 GB/40.0 GiB)
[    4.166224] sd 2:0:0:0: [sda] Write Protect is off
[    4.168945] sd 2:0:0:0: [sda] Incomplete mode parameter data
[    4.170064] sd 2:0:1:0: Attached scsi generic sg1 type 0
[    4.174243] sd 2:0:0:0: [sda] Assuming drive cache: write through
[    4.175045] sd 2:0:1:0: [sdb] 20480 512-byte logical blocks: (10.5 MB/10.0 MiB)
[    4.181783] sd 2:0:1:0: [sdb] Write Protect is off
[    4.183348] sd 2:0:1:0: [sdb] Incomplete mode parameter data
[    4.184668] sd 2:0:1:0: [sdb] Assuming drive cache: write through
[    4.186996]  sda: sda1
[    4.191895] sd 2:0:1:0: [sdb] Attached SCSI disk
[    4.193256] sd 2:0:0:0: [sda] Attached SCSI disk
Begin: Loading essential drivers ... [    7.540436] raid6: sse2x1   gen()  3289 MB/s
[    7.588237] raid6: sse2x1   xor()  2635 MB/s
[    7.637415] raid6: sse2x2   gen()  4488 MB/s
[    7.690516] raid6: sse2x2   xor()  2121 MB/s
[    7.751002] raid6: sse2x4   gen()  1402 MB/s
[    7.808391] raid6: sse2x4   xor()  1141 MB/s
[    8.008496] raid6: avx2x1   gen()  4218 MB/s
[    8.056292] raid6: avx2x1   xor()  3475 MB/s
[    8.118683] raid6: avx2x2   gen()  2651 MB/s
[    8.215745] raid6: avx2x2   xor()  3262 MB/s
[    8.266171] raid6: avx2x4   gen()  2173 MB/s
[    8.332744] raid6: avx2x4   xor()  1025 MB/s
[    8.336939] raid6: using algorithm sse2x2 gen() 4488 MB/s
[    8.366965] raid6: .... xor() 2121 MB/s, rmw enabled
[    8.370070] raid6: using avx2x2 recovery algorithm
[    8.378890] xor: automatically using best checksumming function   avx       
[    8.386332] async_tx: api initialized (async)
done.
Begin: Running /scripts/init-premount ... done.
Begin: Mounting root file system ... Begin: Running /scripts/local-top ... done.
Begin: Running /scripts/local-premount ... [    8.752140] Btrfs loaded, crc32c=crc32c-intel
Scanning for Btrfs filesystems
done.
Warning: fsck not present, so skipping root file system
[    9.009225] EXT4-fs (sda1): mounted filesystem with ordered data mode. Opts: (null)
done.
Begin: Running /scripts/local-bottom ... done.
Begin: Running /scripts/init-bottom ... done.
[    9.451897] ip_tables: (C) 2000-2006 Netfilter Core Team
[    9.470005] systemd[1]: systemd 237 running in system mode. (+PAM +AUDIT +SELINUX +IMA +APPARMOR +SMACK +SYSVINIT +UTMP +LIBCRYPTSETUP +GCRYPT +GNUTLS +ACL +XZ +LZ4 +SECCOMP +BLKID +ELFUTILS +KMOD -IDN2 +IDN -PCRE2 default-hierarchy=hybrid)
[    9.478345] systemd[1]: Detected virtualization oracle.
[    9.481462] systemd[1]: Detected architecture x86-64.

Welcome to [1mUbuntu 18.04.6 LTS[0m!

[    9.493540] systemd[1]: Set hostname to <ubuntu>.
[    9.506140] systemd[1]: Initializing machine ID from random generator.
[    9.508250] systemd[1]: Installed transient /etc/machine-id file.
[   10.102115] systemd[1]: Reached target User and Group Name Lookups.
[[0;32m  OK  [0m] Reached target User and Group Name Lookups.
[   10.113497] systemd[1]: Set up automount Arbitrary Executable File Formats File System Automount Point.
[[0;32m  OK  [0m] Set up automount Arbitrary Executab…rmats File System Automount Point.
[   10.120073] systemd[1]: Reached target System Time Synchronized.
[[0;32m  OK  [0m] Reached target System Time Synchronized.
[   10.124997] systemd[1]: Reached target Swap.
[[0;32m  OK  [0m] Reached target Swap.
[[0;32m  OK  [0m] Started Forward Password Requests to Wall Directory Watch.
[[0;32m  OK  [0m] Created slice User and Session Slice.
[[0;32m  OK  [0m] Created slice System Slice.
[[0;32m  OK  [0m] Listening on /dev/initctl Compatibility Named Pipe.
[[0;32m  OK  [0m] Listening on Network Service Netlink Socket.
[[0;32m  OK  [0m] Listening on LVM2 poll daemon socket.
[[0;32m  OK  [0m] Reached target Slices.
[[0;32m  OK  [0m] Listening on udev Kernel Socket.
[[0;32m  OK  [0m] Created slice system-serial\x2dgetty.slice.
[[0;32m  OK  [0m] Listening on Journal Audit Socket.
[[0;32m  OK  [0m] Listening on Syslog Socket.
[[0;32m  OK  [0m] Listening on LVM2 metadata daemon socket.
[[0;32m  OK  [0m] Listening on Journal Socket (/dev/log).
[[0;32m  OK  [0m] Listening on udev Control Socket.
[[0;32m  OK  [0m] Listening on fsck to fsckd communication Socket.
[[0;32m  OK  [0m] Listening on Journal Socket.
         Starting Set the console keyboard layout...
         Starting Journal Service...
         Starting Load Kernel Modules...
         Starting Uncomplicated firewall...
         Mounting Huge Pages File System...
         Starting udev Coldplug all Devices...
         Mounting Kernel Debug File System...
[   10.272055] Loading iSCSI transport class v2.0-870.
         Starting File System Check on Root Device...
         Mounting POSIX Message Queue File System...
         Starting Create list of required st…ce nodes for the current kernel...
[   10.357445] iscsi: registered transport (tcp)
[[0;32m  OK  [0m] Listening on Device-mapper event daemon FIFOs.
         Starting Monitoring of LVM2 mirrors…ng dmeventd or progress polling...
[[0;32m  OK  [0m] Started Journal Service.
[[0;32m  OK  [0m] Started Uncomplicated firewall.
[[0;32m  OK  [0m] Mounted Huge Pages File System.
[[0;32m  OK  [0m] Mounted Kernel Debug File System.
[[0;32m  OK  [0m] Mounted POSIX Message Queue File System.
[[0;32m  OK  [0m] Started Create list of required sta…vice nodes for the current kernel.
[[0;32m  OK  [0m] Started File System Check Daemon to report status.
         Starting Create Static Device Nodes in /dev...
[[0;32m  OK  [0m] Started LVM2 metadata daemon.
[[0;32m  OK  [0m] Started File System Check on Root Device.
         Starting Remount Root and Kernel File Systems...
[[0;32m  OK  [0m] Started udev Coldplug all Devices.
[[0;32m  OK  [0m] Started Create Static Device Nodes in /dev.
[   10.684277] EXT4-fs (sda1): re-mounted. Opts: (null)
[[0;32m  OK  [0m] Started Remount Root and Kernel File Systems.
[   10.694311] iscsi: registered transport (iser)
         Starting Flush Journal to Persistent Storage...
         Starting udev Kernel Device Manager...
         Starting Load/Save Random Seed...
[[0;32m  OK  [0m] Started Load Kernel Modules.
         Mounting FUSE Control File System...
         Mounting Kernel Configuration File System...
         Starting Apply Kernel Variables...
[[0;32m  OK  [0m] Mounted Kernel Configuration File System.
[[0;32m  OK  [0m] Mounted FUSE Control File System.
[   10.760287] systemd-journald[424]: Received request to flush runtime journal from PID 1
[[0;32m  OK  [0m] Started Load/Save Random Seed.
[[0;32m  OK  [0m] Started Monitoring of LVM2 mirrors,…sing dmeventd or progress polling.
[[0;32m  OK  [0m] Started udev Kernel Device Manager.
[[0;32m  OK  [0m] Started Apply Kernel Variables.
[[0;32m  OK  [0m] Started Flush Journal to Persistent Storage.
[[0;32m  OK  [0m] Found device /dev/ttyS0.
[[0;32m  OK  [0m] Listening on Load/Save RF Kill Switch Status /dev/rfkill Watch.
         Mounting Arbitrary Executable File Formats File System...
[[0;32m  OK  [0m] Mounted Arbitrary Executable File Formats File System.
[[0;32m  OK  [0m] Started Set the console keyboard layout.
[[0;32m  OK  [0m] Started Dispatch Password Requests to Console Directory Watch.
[[0;32m  OK  [0m] Reached target Local Encrypted Volumes.
[[0;32m  OK  [0m] Reached target Local File Systems (Pre).
[[0;32m  OK  [0m] Reached target Local File Systems.
         Starting ebtables ruleset management...
         Starting AppArmor initialization...
         Starting Commit a transient machine-id on disk...
         Starting Create Volatile Files and Directories...
         Starting Tell Plymouth To Write Out Runtime Data...
         Starting Set console font and keymap...
[[0;32m  OK  [0m] Started Tell Plymouth To Write Out Runtime Data.
[[0;32m  OK  [0m] Started Commit a transient machine-id on disk.
[[0;32m  OK  [0m] Started Create Volatile Files and Directories.
         Starting Update UTMP about System Boot/Shutdown...
[[0;32m  OK  [0m] Started Update UTMP about System Boot/Shutdown.
[[0;32m  OK  [0m] Started ebtables ruleset management.
[[0;32m  OK  [0m] Started Set console font and keymap.
[[0;32m  OK  [0m] Started AppArmor initialization.
         Starting Initial cloud-init job (pre-networking)...
         Starting Load AppArmor profiles managed internally by snapd...
[[0;32m  OK  [0m] Started Load AppArmor profiles managed internally by snapd.
[   19.840833] cloud-init[815]: Cloud-init v. 22.3.4-0ubuntu1~18.04.1 running 'init-local' at Wed, 23 Nov 2022 03:53:37 +0000. Up 19.05 seconds.
[[0;32m  OK  [0m] Started Initial cloud-init job (pre-networking).
[[0;32m  OK  [0m] Reached target Network (Pre).
         Starting Network Service...
[[0;32m  OK  [0m] Started Network Service.
         Starting Network Name Resolution...
         Starting Wait for Network to be Configured...
[[0;32m  OK  [0m] Started Network Name Resolution.
[[0;32m  OK  [0m] Reached target Host and Network Name Lookups.
[[0;32m  OK  [0m] Reached target Network.
[[0;32m  OK  [0m] Started Wait for Network to be Configured.
         Starting Initial cloud-init job (metadata service crawler)...
[   23.038157] cloud-init[936]: Cloud-init v. 22.3.4-0ubuntu1~18.04.1 running 'init' at Wed, 23 Nov 2022 03:53:40 +0000. Up 22.68 seconds.
[   23.049183] cloud-init[936]: ci-info: ++++++++++++++++++++++++++++++++++++++Net device info++++++++++++++++++++++++++++++++++++++
[   23.060620] cloud-init[936]: ci-info: +--------+------+----------------------------+---------------+--------+-------------------+
[   23.062099] cloud-init[936]: ci-info: | Device |  Up  |          Address           |      Mask     | Scope  |     Hw-Address    |
[   23.063306] cloud-init[936]: ci-info: +--------+------+----------------------------+---------------+--------+-------------------+
[   23.064986] cloud-init[936]: ci-info: | enp0s3 | True |         10.0.2.15          | 255.255.255.0 | global | 02:a6:12:9f:2a:1a |
[   23.080767] cloud-init[936]: ci-info: | enp0s3 | True | fe80::a6:12ff:fe9f:2a1a/64 |       .       |  link  | 02:a6:12:9f:2a:1a |
[   23.082356] cloud-init[936]: ci-info: |   lo   | True |         127.0.0.1          |   255.0.0.0   |  host  |         .         |
[   23.083526] cloud-init[936]: ci-info: |   lo   | True |          ::1/128           |       .       |  host  |         .         |
[   23.100715] cloud-init[936]: ci-info: +--------+------+----------------------------+---------------+--------+-------------------+
[   23.102433] cloud-init[936]: ci-info: ++++++++++++++++++++++++++++Route IPv4 info+++++++++++++++++++++++++++++
[   23.104220] cloud-init[936]: ci-info: +-------+-------------+----------+-----------------+-----------+-------+
[   23.124954] cloud-init[936]: ci-info: | Route | Destination | Gateway  |     Genmask     | Interface | Flags |
[   23.130827] cloud-init[936]: ci-info: +-------+-------------+----------+-----------------+-----------+-------+
[   23.145239] cloud-init[936]: ci-info: |   0   |   0.0.0.0   | 10.0.2.2 |     0.0.0.0     |   enp0s3  |   UG  |
[   23.147287] cloud-init[936]: ci-info: |   1   |   10.0.2.0  | 0.0.0.0  |  255.255.255.0  |   enp0s3  |   U   |
[   23.160567] cloud-init[936]: ci-info: |   2   |   10.0.2.2  | 0.0.0.0  | 255.255.255.255 |   enp0s3  |   UH  |
[   23.162565] cloud-init[936]: ci-info: +-------+-------------+----------+-----------------+-----------+-------+
[   23.172873] cloud-init[936]: ci-info: +++++++++++++++++++Route IPv6 info+++++++++++++++++++
[   23.173931] cloud-init[936]: ci-info: +-------+-------------+---------+-----------+-------+
[   23.174658] cloud-init[936]: ci-info: | Route | Destination | Gateway | Interface | Flags |
[   23.175531] cloud-init[936]: ci-info: +-------+-------------+---------+-----------+-------+
[   23.177290] cloud-init[936]: ci-info: |   1   |  fe80::/64  |    ::   |   enp0s3  |   U   |
[   23.189416] cloud-init[936]: ci-info: |   3   |    local    |    ::   |   enp0s3  |   U   |
[   23.190666] cloud-init[936]: ci-info: |   4   |   ff00::/8  |    ::   |   enp0s3  |   U   |
[   23.191767] cloud-init[936]: ci-info: +-------+-------------+---------+-----------+-------+
[   24.453861] cloud-init[936]: Generating public/private rsa key pair.
[   24.455306] cloud-init[936]: Your identification has been saved in /etc/ssh/ssh_host_rsa_key.
[   24.456973] cloud-init[936]: Your public key has been saved in /etc/ssh/ssh_host_rsa_key.pub.
[   24.459427] cloud-init[936]: The key fingerprint is:
[   24.461079] cloud-init[936]: SHA256:3+Ti5CMvAEPUTWahUwlx78WD6LTmoqmTCiuU/1mPEKA root@ubuntu-bionic
[   24.462457] cloud-init[936]: The key's randomart image is:
[   24.464118] cloud-init[936]: +---[RSA 2048]----+
[   24.465928] cloud-init[936]: |   ...o=Bo       |
[   24.467522] cloud-init[936]: |    . .*oo o     |
[   24.476945] cloud-init[936]: |   o  o o o +    |
[   24.478845] cloud-init[936]: |  . +  + o . .   |
[   24.480204] cloud-init[936]: | E.  +  S . .    |
[   24.481470] cloud-init[936]: | o    oo . +     |
[   24.482802] cloud-init[936]: |o .. ..o. + o    |
[   24.484040] cloud-init[936]: |o.o. o+.=+..     |
[   24.485880] cloud-init[936]: |+..o+o . =+.     |
[   24.487613] cloud-init[936]: +----[SHA256]-----+
[   24.489427] cloud-init[936]: Generating public/private dsa key pair.
[   24.500580] cloud-init[936]: Your identification has been saved in /etc/ssh/ssh_host_dsa_key.
[   24.516937] cloud-init[936]: Your public key has been saved in /etc/ssh/ssh_host_dsa_key.pub.
[   24.519149] cloud-init[936]: The key fingerprint is:
[   24.520002] cloud-init[936]: SHA256:xqVy4TTtS9kTS/b1CqCYe9kKLaD6qiYlh0USGIcpl1I root@ubuntu-bionic
[   24.521113] cloud-init[936]: The key's randomart image is:
[   24.522016] cloud-init[936]: +---[DSA 1024]----+
[   24.523274] cloud-init[936]: |+*E.             |
[   24.525178] cloud-init[936]: |B.+      .       |
[   24.526865] cloud-init[936]: |.=      + + +   .|
[   24.528416] cloud-init[936]: |  .    * B * + ..|
[   24.530092] cloud-init[936]: | o  . + S + = . .|
[   24.531091] cloud-init[936]: |o o. . * + . o . |
[   24.532407] cloud-init[936]: | +.   + + o   .  |
[   24.533474] cloud-init[936]: |.o     + .       |
[   24.534355] cloud-init[936]: |Bo.     .        |
[   24.536683] cloud-init[936]: +----[SHA256]-----+
[   24.537621] cloud-init[936]: Generating public/private ecdsa key pair.
[   24.540077] cloud-init[936]: Your identification has been saved in /etc/ssh/ssh_host_ecdsa_key.
[   24.541567] cloud-init[936]: Your public key has been saved in /etc/ssh/ssh_host_ecdsa_key.pub.
[   24.543984] cloud-init[936]: The key fingerprint is:
[   24.544835] cloud-init[936]: SHA256:vVADxdsAKB858u8kHT5RFr72+zQZjdcezjT1xRRtQpA root@ubuntu-bionic
[   24.546152] cloud-init[936]: The key's randomart image is:
[   24.547160] cloud-init[936]: +---[ECDSA 256]---+
[   24.560920] cloud-init[936]: |       oo+o..+..+|
[   24.561562] cloud-init[936]: |    o =  o= E .oo|
[   24.562289] cloud-init[936]: |     = o o++   o+|
[   24.564854] cloud-init[936]: |      o oo.o.  o=|
[   24.566661] cloud-init[936]: |       +So+   o+=|
[   24.567569] cloud-init[936]: |      . *o o  +=o|
[   24.568334] cloud-init[936]: |       + .. . +o.|
[   24.568883] cloud-init[936]: |        .    o . |
[   24.580727] cloud-init[936]: |            ...  |
[   24.592962] cloud-init[936]: +----[SHA256]-----+
[   24.593676] cloud-init[936]: Generating public/private ed25519 key pair.
[   24.594634] cloud-init[936]: Your identification has been saved in /etc/ssh/ssh_host_ed25519_key.
[   24.596762] cloud-init[936]: Your public key has been saved in /etc/ssh/ssh_host_ed25519_key.pub.
[   24.601320] cloud-init[936]: The key fingerprint is:
[   24.612992] cloud-init[936]: SHA256:YBFf3LG2IuJbT8/Aia/Xw+M/z2yvFAmk5+UF2OBPcjM root@ubuntu-bionic
[   24.624831] cloud-init[936]: The key's randomart image is:
[   24.626446] cloud-init[936]: +--[ED25519 256]--+
[   24.627160] cloud-init[936]: |      o. ...+=.  |
[   24.628717] cloud-init[936]: |       o ..+o... |
[   24.629621] cloud-init[936]: |      o . . B E .|
[   24.631342] cloud-init[936]: |     . .   + X = |
[   24.633326] cloud-init[936]: |      . S . o =  |
[   24.634968] cloud-init[936]: |     . . + o   . |
[   24.636408] cloud-init[936]: |      . o =o  .  |
[   24.652748] cloud-init[936]: |       o +.+=..o.|
[   24.654329] cloud-init[936]: |      . .oo.++o=*|
[   24.655424] cloud-init[936]: +----[SHA256]-----+
[[0;32m  OK  [0m] Started Initial cloud-init job (metadata service crawler).
[[0;32m  OK  [0m] Reached target Network is Online.
         Starting Availability of block devices...
[[0;32m  OK  [0m] Reached target Remote File Systems (Pre).
[[0;32m  OK  [0m] Reached target Remote File Systems.
[[0;32m  OK  [0m] Reached target System Initialization.
[[0;32m  OK  [0m] Started Daily Cleanup of Temporary Directories.
[[0;32m  OK  [0m] Started Ubuntu Advantage Timer for running repeated jobs.
[[0;32m  OK  [0m] Started Discard unused blocks once a week.
         Starting Socket activation for snappy daemon.
[[0;32m  OK  [0m] Listening on D-Bus System Message Bus Socket.
[[0;32m  OK  [0m] Started ACPI Events Check.
[[0;32m  OK  [0m] Reached target Paths.
[[0;32m  OK  [0m] Started Message of the Day.
[[0;32m  OK  [0m] Listening on Open-iSCSI iscsid Socket.
[[0;32m  OK  [0m] Listening on ACPID Listen Socket.
[[0;32m  OK  [0m] Listening on UUID daemon activation socket.
[[0;32m  OK  [0m] Listening on cloud-init hotplug hook socket.
         Starting LXD - unix socket.
[[0;32m  OK  [0m] Started Daily apt download activities.
[[0;32m  OK  [0m] Started Daily apt upgrade and clean activities.
[[0;32m  OK  [0m] Reached target Timers.
[[0;32m  OK  [0m] Reached target Cloud-config availability.
[[0;32m  OK  [0m] Started Availability of block devices.
[[0;32m  OK  [0m] Listening on Socket activation for snappy daemon.
[[0;32m  OK  [0m] Listening on LXD - unix socket.
[[0;32m  OK  [0m] Reached target Sockets.
[[0;32m  OK  [0m] Reached target Basic System.
         Starting Virtualbox guest utils...
[[0;32m  OK  [0m] Started irqbalance daemon.
[[0;32m  OK  [0m] Started Regular background program processing daemon.
         Starting Dispatcher daemon for systemd-networkd...
[[0;32m  OK  [0m] Reached target Login Prompts (Pre).
         Starting LXD - container startup/shutdown...
[[0;32m  OK  [0m] Started D-Bus System Message Bus.
         Starting LSB: Record successful boot for GRUB...
         Starting LSB: automatic crash report generation...
[[0;32m  OK  [0m] Started FUSE filesystem for LXC.
         Starting System Logging Service...
         Starting Pollinate to seed the pseudo random number generator...
         Starting Accounts Service...
[[0;32m  OK  [0m] Started Deferred execution scheduler.
         Starting Permit User Sessions...
         Starting Login Service...
         Starting Snap Daemon...
[[0;32m  OK  [0m] Started System Logging Service.
[[0;32m  OK  [0m] Started Permit User Sessions.
         Starting Hold until boot process finishes up...
         Starting Terminate Plymouth Boot Screen...
[[0;32m  OK  [0m] Started Hold until boot process finishes up.
         Starting Set console scheme...
[[0;32m  OK  [0m] Started Serial Getty on ttyS0.
[[0;32m  OK  [0m] Started Terminate Plymouth Boot Screen.
[[0;32m  OK  [0m] Started LSB: automatic crash report generation.
[[0;32m  OK  [0m] Started Set console scheme.
[[0;32m  OK  [0m] Started Login Service.
[[0;32m  OK  [0m] Started Unattended Upgrades Shutdown.
[[0;32m  OK  [0m] Created slice system-getty.slice.
[[0;32m  OK  [0m] Started Getty on tty1.
[[0;32m  OK  [0m] Reached target Login Prompts.
         Starting Authorization Manager...
[[0;32m  OK  [0m] Started LSB: Record successful boot for GRUB.
[[0;32m  OK  [0m] Started Authorization Manager.
[[0;32m  OK  [0m] Started Accounts Service.
[[0;32m  OK  [0m] Started LXD - container startup/shutdown.
[[0;32m  OK  [0m] Started Virtualbox guest utils.
[[0;32m  OK  [0m] Started Dispatcher daemon for systemd-networkd.
[[0;32m  OK  [0m] Started Snap Daemon.
         Starting Wait until snapd is fully seeded...
         Starting Time & Date Service...
[[0;32m  OK  [0m] Started Time & Date Service.
[[0;32m  OK  [0m] Started Wait until snapd is fully seeded.
         Starting Apply the settings specified in cloud-config...
[   29.753236] cloud-init[1367]: Cloud-init v. 22.3.4-0ubuntu1~18.04.1 running 'modules:config' at Wed, 23 Nov 2022 03:53:46 +0000. Up 28.74 seconds.
[[0;32m  OK  [0m] Started Apply the settings specified in cloud-config.

Ubuntu 18.04.6 LTS ubuntu-bionic ttyS0

ubuntu-bionic login: ci-info: no authorized SSH keys fingerprints found for user ubuntu.
<14>Nov 23 03:53:53 cloud-init: #############################################################
<14>Nov 23 03:53:53 cloud-init: -----BEGIN SSH HOST KEY FINGERPRINTS-----
<14>Nov 23 03:53:53 cloud-init: 1024 SHA256:xqVy4TTtS9kTS/b1CqCYe9kKLaD6qiYlh0USGIcpl1I root@ubuntu-bionic (DSA)
<14>Nov 23 03:53:53 cloud-init: 256 SHA256:vVADxdsAKB858u8kHT5RFr72+zQZjdcezjT1xRRtQpA root@ubuntu-bionic (ECDSA)
<14>Nov 23 03:53:53 cloud-init: 256 SHA256:YBFf3LG2IuJbT8/Aia/Xw+M/z2yvFAmk5+UF2OBPcjM root@ubuntu-bionic (ED25519)
<14>Nov 23 03:53:53 cloud-init: 2048 SHA256:3+Ti5CMvAEPUTWahUwlx78WD6LTmoqmTCiuU/1mPEKA root@ubuntu-bionic (RSA)
<14>Nov 23 03:53:53 cloud-init: -----END SSH HOST KEY FINGERPRINTS-----
<14>Nov 23 03:53:53 cloud-init: #############################################################
-----BEGIN SSH HOST KEY KEYS-----
ecdsa-sha2-nistp256 AAAAE2VjZHNhLXNoYTItbmlzdHAyNTYAAAAIbmlzdHAyNTYAAABBBFEl8njAgj8d3DCbkz0k/Z0z62fwmzyH99KuilEyZqmCoVuzM0ikKKQ3strA8NisIt4C26swvcwz4NIGyhw5NPI= root@ubuntu-bionic
ssh-ed25519 AAAAC3NzaC1lZDI1NTE5AAAAIL2dTInTHywaCoHHDAfMa9frqwVEzyeT8Ty2jwQn9MzQ root@ubuntu-bionic
ssh-rsa AAAAB3NzaC1yc2EAAAADAQABAAABAQDFGN+sKwZVk17E81iLLCCvl+oF3CAkKK4d5OQIzG68/dp0U+SvQqANR035pAEZvNdNwPOC7JoZKclPtKUQQ57gs1ErR5KlC+kCMKbZVM6FCWrwpd7DEWUq/O5uEmJzvLy0oV04Gua7l7N+ejy7TKwb7R0G3IGIKsMZvtghZKhVejaPo8L39e3uFXgBWQvABlMxAM26JJjjKt7EXGtUOmxB46BsJ89i8+VKewzO7q3pCg7364o4+I9CR8fjvoeFVtS4JgM+bur9IPDd8Uoc3WkCMxEV6X5/xOaTkqr1y/oB5Trab9nL9nDsvsEqfYV/tlf04sSVlmB8XHwND8O/EUlT root@ubuntu-bionic
-----END SSH HOST KEY KEYS-----
[   35.009557] cloud-init[1460]: Cloud-init v. 22.3.4-0ubuntu1~18.04.1 running 'modules:final' at Wed, 23 Nov 2022 03:53:52 +0000. Up 34.31 seconds.
[   35.017072] cloud-init[1460]: Cloud-init v. 22.3.4-0ubuntu1~18.04.1 finished at Wed, 23 Nov 2022 03:53:53 +0000. Datasource DataSourceNoCloud [seed=/dev/sdb][dsmode=net].  Up 34.96 seconds
